<?xml version="1.0" encoding="UTF-8"?>
<coverage generated="1654954699410" clover="3.2.0">
  <project timestamp="1654954699410" name="All files">
    <metrics statements="3" coveredstatements="0" conditionals="0" coveredconditionals="0" methods="0" coveredmethods="0" elements="3" coveredelements="0" complexity="0" loc="3" ncloc="3" packages="1" files="2" classes="2"/>
    <file name="App.vue" path="/Users/aminaoti/Documents/Home/Yoga project 2/yoga-routines-front-end/src/App.vue">
      <metrics statements="2" coveredstatements="0" conditionals="0" coveredconditionals="0" methods="0" coveredmethods="0"/>
      <line num="7" count="0" type="stmt"/>
      <line num="9" count="0" type="stmt"/>
    </file>
    <file name="main.js" path="/Users/aminaoti/Documents/Home/Yoga project 2/yoga-routines-front-end/src/main.js">
      <metrics statements="1" coveredstatements="0" conditionals="0" coveredconditionals="0" methods="0" coveredmethods="0"/>
      <line num="4" count="0" type="stmt"/>
    </file>
  </project>
</coverage>
