{"/Users/aminaoti/Documents/Home/Yoga project 2/yoga-routines-front-end/src/App.vue": {"path":"/Users/aminaoti/Documents/Home/Yoga project 2/yoga-routines-front-end/src/App.vue","statementMap":{"0":{"start":{"line":7,"column":0},"end":{"line":7,"column":null}},"1":{"start":{"line":9,"column":15},"end":{"line":9,"column":null}}},"fnMap":{},"branchMap":{},"s":{"0":0,"1":0},"f":{},"b":{}}
,"/Users/aminaoti/Documents/Home/Yoga project 2/yoga-routines-front-end/src/main.js": {"path":"/Users/aminaoti/Documents/Home/Yoga project 2/yoga-routines-front-end/src/main.js","statementMap":{"0":{"start":{"line":4,"column":0},"end":{"line":4,"column":28}}},"fnMap":{},"branchMap":{},"s":{"0":0},"f":{},"b":{},"hash":"16747021456f18d65be94c84f658757155c3b060"}
}
